<?xml version="1.0" encoding="UTF-8"?>
<!-- Generated by org.testng.reporters.JUnitReportReporter -->
<testsuite skipped="0" hostname="User" name="com.actitime.testScript.CustomerModule" tests="3" failures="0" timestamp="2022-12-03T22:03:28 IST" time="0.049" errors="0">
  <testcase name="CreateCustomer" time="0.034" classname="com.actitime.testScript.CustomerModule"/>
  <system-out>
    <![CDATA[CreateCustomer]]>
  </system-out>
  <testcase name="ModifyCustomer" time="0.015" classname="com.actitime.testScript.CustomerModule"/>
  <system-out>
    <![CDATA[ModifyCustomer]]>
  </system-out>
  <testcase name="DeleteCustomer" time="0.000" classname="com.actitime.testScript.CustomerModule"/>
  <system-out>
    <![CDATA[DeleteCustomer]]>
  </system-out>
</testsuite> <!-- com.actitime.testScript.CustomerModule -->
