<?xml version="1.0" encoding="UTF-8"?>
<!-- Generated by org.testng.reporters.JUnitReportReporter -->
<testsuite skipped="0" hostname="User" name="com.actitime.testScript.CreateCustomer" tests="1" failures="0" timestamp="2022-11-28T11:34:34 IST" time="0.189" errors="0">
  <testcase name="CreateCustomer" time="0.189" classname="com.actitime.testScript.CreateCustomer"/>
  <system-out>
    <![CDATA[CreateCustomer]]>
  </system-out>
</testsuite> <!-- com.actitime.testScript.CreateCustomer -->
